--------- beginning of main
01-10 17:19:11.339 13095 13095 I etox.rn.example: Late-enabling -Xcheck:jni
01-10 17:19:11.460 13095 13095 D ActivityThread: setConscryptValidator
01-10 17:19:11.460 13095 13095 D ActivityThread: setConscryptValidator - put
01-10 17:19:11.496 13095 13095 D CompatibilityChangeReporter: Compat change id reported: 171979766; UID 10306; state: ENABLED
--------- beginning of system
01-10 17:19:11.512 13095 13095 W ActivityThread: Package uses different ABI(s) than its instrumentation: package[com.detox.rn.example]: arm64-v8a, null instrumentation[com.detox.rn.example.test]: null, null
01-10 17:19:11.519 13095 13095 W etox.rn.example: ClassLoaderContext classpath size mismatch. expected=0, found=1 (PCL[] | PCL[/system/framework/android.test.runner.jar*2256426886])
01-10 17:19:11.522 13095 13095 W etox.rn.example: ClassLoaderContext classpath size mismatch. expected=0, found=2 (PCL[] | PCL[/system/framework/android.test.runner.jar*2256426886:/system/framework/android.test.mock.jar*2695051129])
01-10 17:19:11.524 13095 13095 W ziparchive: Unable to open '/data/app/~~rojpgZFVv-e7rMoUIXJGcw==/com.detox.rn.example.test-w2TfjvHP_R--zLTPW-DCaA==/base.dm': No such file or directory
01-10 17:19:11.524 13095 13095 W ziparchive: Unable to open '/data/app/~~rojpgZFVv-e7rMoUIXJGcw==/com.detox.rn.example.test-w2TfjvHP_R--zLTPW-DCaA==/base.dm': No such file or directory
01-10 17:19:11.597 13095 13095 W etox.rn.example: ClassLoaderContext classpath size mismatch. expected=0, found=7 (PCL[] | PCL[/system/framework/android.test.runner.jar*2256426886:/system/framework/android.test.mock.jar*2695051129:/system/framework/android.test.base.jar*1628045882:/data/app/~~rojpgZFVv-e7rMoUIXJGcw==/com.detox.rn.example.test-w2TfjvHP_R--zLTPW-DCaA==/base.apk*980344647:/data/app/~~rojpgZFVv-e7rMoUIXJGcw==/com.detox.rn.example.test-w2TfjvHP_R--zLTPW-DCaA==/base.apk!classes2.dex*1179957867:/data/app/~~rojpgZFVv-e7rMoUIXJGcw==/com.detox.rn.example.test-w2TfjvHP_R--zLTPW-DCaA==/base.apk!classes3.dex*2764516475:/data/app/~~rojpgZFVv-e7rMoUIXJGcw==/com.detox.rn.example.test-w2TfjvHP_R--zLTPW-DCaA==/base.apk!classes4.dex*449714950])
01-10 17:19:11.619 13095 13095 D nativeloader: Configuring classloader-namespace for system apk /system/framework/android.test.runner.jar:/system/framework/android.test.mock.jar:/system/framework/android.test.base.jar:/data/app/~~rojpgZFVv-e7rMoUIXJGcw==/com.detox.rn.example.test-w2TfjvHP_R--zLTPW-DCaA==/base.apk:/data/app/~~SpmWQT_3VSNqIRMjQQp4OA==/com.detox.rn.example-vgEGDlBDK4xHHieL-l9AHw==/base.apk. target_sdk_version=31, uses_libraries=, library_path=/data/app/~~rojpgZFVv-e7rMoUIXJGcw==/com.detox.rn.example.test-w2TfjvHP_R--zLTPW-DCaA==/lib/arm64:/data/app/~~SpmWQT_3VSNqIRMjQQp4OA==/com.detox.rn.example-vgEGDlBDK4xHHieL-l9AHw==/lib/arm64:/data/app/~~rojpgZFVv-e7rMoUIXJGcw==/com.detox.rn.example.test-w2TfjvHP_R--zLTPW-DCaA==/base.apk!/lib/arm64-v8a:/data/app/~~SpmWQT_3VSNqIRMjQQp4OA==/com.detox.rn.example-vgEGDlBDK4xHHieL-l9AHw==/base.apk!/lib/arm64-v8a:/system/lib64:/system_ext/lib64, permitted_path=/data:/mnt/expand:/data/user/0/com.detox.rn.example:/system/lib64:/system_ext/lib64
01-10 17:19:11.646 13095 13095 V GraphicsEnvironment: ANGLE Developer option for 'com.detox.rn.example' set to: 'default'
01-10 17:19:11.647 13095 13095 V GraphicsEnvironment: ANGLE GameManagerService for com.detox.rn.example: false
01-10 17:19:11.647 13095 13095 V GraphicsEnvironment: Updatable production driver is not supported on the device.
01-10 17:19:11.653 13095 13095 D ApplicationLoaders: Returning zygote-cached class loader: /system/framework/android.test.base.jar
01-10 17:19:11.655 13095 13095 D nativeloader: Configuring classloader-namespace for system apk /system/framework/android.test.mock.jar. target_sdk_version=31, uses_libraries=ALL, library_path=/data/app/~~rojpgZFVv-e7rMoUIXJGcw==/com.detox.rn.example.test-w2TfjvHP_R--zLTPW-DCaA==/lib/arm64:/data/app/~~SpmWQT_3VSNqIRMjQQp4OA==/com.detox.rn.example-vgEGDlBDK4xHHieL-l9AHw==/lib/arm64:/system/lib64:/system_ext/lib64, permitted_path=/data:/mnt/expand:/system/lib64:/system_ext/lib64
01-10 17:19:11.655 13095 13095 D nativeloader: Extending system_exposed_libraries: libvesgraphicframework.videoeditor.samsung.so:libvesinterface.videoeditor.samsung.so:libvesframework.videoeditor.samsung.so:libBestComposition.polarr.so:libTracking.polarr.so:libFeature.polarr.so:libPolarrSnap.polarr.so:libYuv.polarr.so:lib.engmodejni.samsung.so:libhal.wsm.samsung.so:libheifcapture_jni.media.samsung.so:libjpegsq.media.samsung.so:libslljpeg.media.samsung.so:libsemimagecrop_jni.media.samsung.so:libapex_jni.media.samsung.so:libsume_mediabuffer_jni.media.samsung.so:lib_vnd_client.dk.samsung.so:lib_native_client.dk.samsung.so:lib_nativeJni.dk.samsung.so:libSDKRecognitionOCR.spenocr.samsung.so:libSDKMoireDetector.spenocr.samsung.so:libtensorflowlite_c.spenocr.samsung.so:libhumantracking.arcsoft.so:libPortraitDistortionCorrection.arcsoft.so:libPortraitDistortionCorrectionCali.arcsoft.so:libface_landmark.arcsoft.so:libFacialStickerEngine.arcsoft.so:libveengine.arcsoft.so:libimage_enhancement.arcsoft.so:liblow_light_hdr.arcsoft.so:libhigh_dynamic_range.arcsoft.so:l
01-10 17:19:11.658 13095 13095 D ApplicationLoaders: Returning zygote-cached class loader: /system/framework/android.test.base.jar
01-10 17:19:11.660 13095 13095 W etox.rn.example: ClassLoaderContext shared library size mismatch. Expected=0, found=2 (PCL[] | PCL[]{PCL[/system/framework/android.test.base.jar*1628045882]#PCL[/system/framework/android.test.mock.jar*2695051129]})
01-10 17:19:11.661 13095 13095 D nativeloader: Configuring classloader-namespace for system apk /system/framework/android.test.runner.jar. target_sdk_version=31, uses_libraries=ALL, library_path=/data/app/~~rojpgZFVv-e7rMoUIXJGcw==/com.detox.rn.example.test-w2TfjvHP_R--zLTPW-DCaA==/lib/arm64:/data/app/~~SpmWQT_3VSNqIRMjQQp4OA==/com.detox.rn.example-vgEGDlBDK4xHHieL-l9AHw==/lib/arm64:/system/lib64:/system_ext/lib64, permitted_path=/data:/mnt/expand:/system/lib64:/system_ext/lib64
01-10 17:19:11.661 13095 13095 D nativeloader: Extending system_exposed_libraries: libvesgraphicframework.videoeditor.samsung.so:libvesinterface.videoeditor.samsung.so:libvesframework.videoeditor.samsung.so:libBestComposition.polarr.so:libTracking.polarr.so:libFeature.polarr.so:libPolarrSnap.polarr.so:libYuv.polarr.so:lib.engmodejni.samsung.so:libhal.wsm.samsung.so:libheifcapture_jni.media.samsung.so:libjpegsq.media.samsung.so:libslljpeg.media.samsung.so:libsemimagecrop_jni.media.samsung.so:libapex_jni.media.samsung.so:libsume_mediabuffer_jni.media.samsung.so:lib_vnd_client.dk.samsung.so:lib_native_client.dk.samsung.so:lib_nativeJni.dk.samsung.so:libSDKRecognitionOCR.spenocr.samsung.so:libSDKMoireDetector.spenocr.samsung.so:libtensorflowlite_c.spenocr.samsung.so:libhumantracking.arcsoft.so:libPortraitDistortionCorrection.arcsoft.so:libPortraitDistortionCorrectionCali.arcsoft.so:libface_landmark.arcsoft.so:libFacialStickerEngine.arcsoft.so:libveengine.arcsoft.so:libimage_enhancement.arcsoft.so:liblow_light_hdr.arcsoft.so:libhigh_dynamic_range.arcsoft.so:l
01-10 17:19:11.664 13095 13095 W etox.rn.example: ClassLoaderContext shared library size mismatch. Expected=0, found=3 (PCL[] | PCL[]{PCL[/system/framework/android.test.base.jar*1628045882]#PCL[/system/framework/android.test.mock.jar*2695051129]#PCL[/system/framework/android.test.runner.jar*2256426886]{PCL[/system/framework/android.test.base.jar*1628045882]#PCL[/system/framework/android.test.mock.jar*2695051129]}};PCL[/system/framework/android.test.runner.jar*2256426886:/system/framework/android.test.mock.jar*2695051129:/system/framework/android.test.base.jar*1628045882:/data/app/~~rojpgZFVv-e7rMoUIXJGcw==/com.detox.rn.example.test-w2TfjvHP_R--zLTPW-DCaA==/base.apk*980344647:/data/app/~~rojpgZFVv-e7rMoUIXJGcw==/com.detox.rn.example.test-w2TfjvHP_R--zLTPW-DCaA==/base.apk!classes2.dex*1179957867:/data/app/~~rojpgZFVv-e7rMoUIXJGcw==/com.detox.rn.example.test-w2TfjvHP_R--zLTPW-DCaA==/base.apk!classes3.dex*2764516475:/data/app/~~rojpgZFVv-e7rMoUIXJGcw==/com.detox.rn.example.test-w2TfjvHP_R--zLTPW-DCaA==/base.apk!classes4.dex*449714950:/data/app/~~SpmWQT_3VSNqIRMjQQp4OA==/com.detox.rn.example-vgEGDlBDK4xHHieL-l9AHw==/base.apk*265502633:/data/app/~~SpmWQT_3VSNqIRMjQQp4OA==/com.detox.rn.example-vgEGDlBDK4xHHieL-l9AHw==/base.apk!classes2.dex*1286856787:/data/app/~~SpmWQT_3VSNqIRMjQQp4OA==/com.detox.rn.example-vgEGDlBDK4xHHieL-l9AHw==/base.apk!classes3.dex*3228769713:/data/app/~~SpmWQT_3VSNqIRMjQQp4OA==/com.detox.rn.example-vgEGDlBDK4xHHieL-l9AHw==/base.apk!classes4.dex*1631427118])
01-10 17:19:11.665 13095 13095 W etox.rn.example: ClassLoaderContext classpath size mismatch. expected=0, found=1 (PCL[] | PCL[/system/framework/android.test.runner.jar*2256426886]{PCL[/system/framework/android.test.base.jar*1628045882]#PCL[/system/framework/android.test.mock.jar*2695051129]#PCL[/system/framework/android.test.runner.jar*2256426886]{PCL[/system/framework/android.test.base.jar*1628045882]#PCL[/system/framework/android.test.mock.jar*2695051129]}};PCL[/system/framework/android.test.runner.jar*2256426886:/system/framework/android.test.mock.jar*2695051129:/system/framework/android.test.base.jar*1628045882:/data/app/~~rojpgZFVv-e7rMoUIXJGcw==/com.detox.rn.example.test-w2TfjvHP_R--zLTPW-DCaA==/base.apk*980344647:/data/app/~~rojpgZFVv-e7rMoUIXJGcw==/com.detox.rn.example.test-w2TfjvHP_R--zLTPW-DCaA==/base.apk!classes2.dex*1179957867:/data/app/~~rojpgZFVv-e7rMoUIXJGcw==/com.detox.rn.example.test-w2TfjvHP_R--zLTPW-DCaA==/base.apk!classes3.dex*2764516475:/data/app/~~rojpgZFVv-e7rMoUIXJGcw==/com.detox.rn.example.test-w2TfjvHP_R--zLTPW-DCaA==/base.apk!classes4.dex*449714950:/data/app/~~SpmWQT_3VSNqIRMjQQp4OA==/com.detox.rn.example-vgEGDlBDK4xHHieL-l9AHw==/base.apk*265502633:/data/app/~~SpmWQT_3VSNqIRMjQQp4OA==/com.detox.rn.example-vgEGDlBDK4xHHieL-l9AHw==/base.apk!classes2.dex*1286856787:/data/app/~~SpmWQT_3VSNqIRMjQQp4OA==/com.detox.rn.example-vgEGDlBDK4xHHieL-l9AHw==/base.apk!classes3.dex*3228769713:/data/app/~~SpmWQT_3VSNqIRMjQQp4OA==/com.detox.rn.example-vgEGDlBDK4xHHieL-l9AHw==/base.apk!classes4.dex*1631427118])
01-10 17:19:11.667 13095 13095 W etox.rn.example: ClassLoaderContext classpath size mismatch. expected=0, found=2 (PCL[] | PCL[/system/framework/android.test.runner.jar*2256426886:/system/framework/android.test.mock.jar*2695051129]{PCL[/system/framework/android.test.base.jar*1628045882]#PCL[/system/framework/android.test.mock.jar*2695051129]#PCL[/system/framework/android.test.runner.jar*2256426886]{PCL[/system/framework/android.test.base.jar*1628045882]#PCL[/system/framework/android.test.mock.jar*2695051129]}};PCL[/system/framework/android.test.runner.jar*2256426886:/system/framework/android.test.mock.jar*2695051129:/system/framework/android.test.base.jar*1628045882:/data/app/~~rojpgZFVv-e7rMoUIXJGcw==/com.detox.rn.example.test-w2TfjvHP_R--zLTPW-DCaA==/base.apk*980344647:/data/app/~~rojpgZFVv-e7rMoUIXJGcw==/com.detox.rn.example.test-w2TfjvHP_R--zLTPW-DCaA==/base.apk!classes2.dex*1179957867:/data/app/~~rojpgZFVv-e7rMoUIXJGcw==/com.detox.rn.example.test-w2TfjvHP_R--zLTPW-DCaA==/base.apk!classes3.dex*2764516475:/data/app/~~rojpgZFVv-e7rMoUIXJGcw==/com.detox.rn.example.test-w2TfjvHP_R--zLTPW-DCaA==/base.apk!classes4.dex*449714950:/data/app/~~SpmWQT_3VSNqIRMjQQp4OA==/com.detox.rn.example-vgEGDlBDK4xHHieL-l9AHw==/base.apk*265502633:/data/app/~~SpmWQT_3VSNqIRMjQQp4OA==/com.detox.rn.example-vgEGDlBDK4xHHieL-l9AHw==/base.apk!classes2.dex*1286856787:/data/app/~~SpmWQT_3VSNqIRMjQQp4OA==/com.detox.rn.example-vgEGDlBDK4xHHieL-l9AHw==/base.apk!classes3.dex*3228769713:/data/app/~~SpmWQT_3VSNqIRMjQQp4OA==/com.detox.rn.example-vgEGDlBDK4xHHieL-l9AHw==/base.apk!classes4.dex*1631427118])
01-10 17:19:11.668 13095 13095 W ziparchive: Unable to open '/data/app/~~rojpgZFVv-e7rMoUIXJGcw==/com.detox.rn.example.test-w2TfjvHP_R--zLTPW-DCaA==/base.dm': No such file or directory
01-10 17:19:11.668 13095 13095 W ziparchive: Unable to open '/data/app/~~rojpgZFVv-e7rMoUIXJGcw==/com.detox.rn.example.test-w2TfjvHP_R--zLTPW-DCaA==/base.dm': No such file or directory
01-10 17:19:11.712 13095 13095 W etox.rn.example: ClassLoaderContext classpath size mismatch. expected=0, found=7 (PCL[] | PCL[/system/framework/android.test.runner.jar*2256426886:/system/framework/android.test.mock.jar*2695051129:/system/framework/android.test.base.jar*1628045882:/data/app/~~rojpgZFVv-e7rMoUIXJGcw==/com.detox.rn.example.test-w2TfjvHP_R--zLTPW-DCaA==/base.apk*980344647:/data/app/~~rojpgZFVv-e7rMoUIXJGcw==/com.detox.rn.example.test-w2TfjvHP_R--zLTPW-DCaA==/base.apk!classes2.dex*1179957867:/data/app/~~rojpgZFVv-e7rMoUIXJGcw==/com.detox.rn.example.test-w2TfjvHP_R--zLTPW-DCaA==/base.apk!classes3.dex*2764516475:/data/app/~~rojpgZFVv-e7rMoUIXJGcw==/com.detox.rn.example.test-w2TfjvHP_R--zLTPW-DCaA==/base.apk!classes4.dex*449714950]{PCL[/system/framework/android.test.base.jar*1628045882]#PCL[/system/framework/android.test.mock.jar*2695051129]#PCL[/system/framework/android.test.runner.jar*2256426886]{PCL[/system/framework/android.test.base.jar*1628045882]#PCL[/system/framework/android.test.mock.jar*2695051129]}};PCL[/system/framework/android.test.runner.jar*2256426886:/system/framework/android.test.mock.jar*2695051129:/system/framework/android.test.base.jar*1628045882:/data/app/~~rojpgZFVv-e7rMoUIXJGcw==/com.detox.rn.example.test-w2TfjvHP_R--zLTPW-DCaA==/base.apk*980344647:/data/app/~~rojpgZFVv-e7rMoUIXJGcw==/com.detox.rn.example.test-w2TfjvHP_R--zLTPW-DCaA==/base.apk!classes2.dex*1179957867:/data/app/~~rojpgZFVv-e7rMoUIXJGcw==/com.detox.rn.example.test-w2TfjvHP_R--zLTPW-DCaA==/base.apk!classes3.dex*2764516475:/data/app/~~rojpgZFVv-e7rMoUIXJGcw==/com.detox.rn.example.test-w2TfjvHP_R--zLTPW-DCaA==/base.apk!classes4.dex*449714950:/data/app/~~SpmWQT_3VSNqIRMjQQp4OA==/com.detox.rn.example-vgEGDlBDK4xHHieL-l9AHw==/base.apk*265502633:/data/app/~~SpmWQT_3VSNqIRMjQQp4OA==/com.detox.rn.example-vgEGDlBDK4xHHieL-l9AHw==/base.apk!classes2.dex*1286856787:/data/app/~~SpmWQT_3VSNqIRMjQQp4OA==/com.detox.rn.example-vgEGDlBDK4xHHieL-l9AHw==/base.apk!classes3.dex*3228769713:/data/app/~~SpmWQT_3VSNqIRMjQQp4OA==/com.detox.rn.example-vgEGDlBDK4xHHieL-l9AHw==/base.apk!classes4.dex*1631427118])
01-10 17:19:11.726 13095 13095 D NetworkSecurityConfig: Using Network Security Config from resource network_security_config debugBuild: true
01-10 17:19:11.736 13095 13095 D NetworkSecurityConfig: Using Network Security Config from resource network_security_config debugBuild: true
01-10 17:19:11.743 13095 13095 I MonitoringInstr: Instrumentation started!
01-10 17:19:11.750 13095 13095 V TestEventClient: No service name argument was given (testDiscoveryService, testRunEventService or orchestratorService)
01-10 17:19:11.755 13095 13095 V fb-UnpackingSoSource: locked dso store /data/user/0/com.detox.rn.example/lib-main
01-10 17:19:11.759 13095 13095 I fb-UnpackingSoSource: dso store is up-to-date: /data/user/0/com.detox.rn.example/lib-main
01-10 17:19:11.759 13095 13095 V fb-UnpackingSoSource: releasing dso store lock for /data/user/0/com.detox.rn.example/lib-main
01-10 17:19:26.759 13095 13114 E TestButler: Failed to start TestButler; Did you remember to install it before running your tests?
01-10 17:19:26.759 13095 13114 E TestButler: Running tests without ButlerService, failures or unexpected behavior may occur!!!
01-10 17:19:26.811 13095 13114 I UsageTrackerFacilitator: Usage tracking enabled
01-10 17:19:26.815 13095 13114 I TestRequestBuilder: Scanning classpath to find tests in paths [/data/app/~~rojpgZFVv-e7rMoUIXJGcw==/com.detox.rn.example.test-w2TfjvHP_R--zLTPW-DCaA==/base.apk]
01-10 17:19:26.816 13095 13114 W etox.rn.example: Opening an oat file without a class loader. Are you using the deprecated DexFile APIs?
01-10 17:19:27.395 13095 13114 D TestExecutor: Adding listener androidx.test.internal.runner.listener.LogRunListener
01-10 17:19:27.395 13095 13114 D TestExecutor: Adding listener androidx.test.internal.runner.listener.InstrumentationResultPrinter
01-10 17:19:27.395 13095 13114 D TestExecutor: Adding listener androidx.test.internal.runner.listener.ActivityFinisherRunListener
01-10 17:19:27.396 13095 13114 I TestRunner: run started: 1 tests
01-10 17:19:27.401 13095 13114 I TestRunner: started: runDetoxTests(com.example.DetoxTest)
01-10 17:19:27.403 13095 13114 I TestButlerProbe: Test butler service verification started...
01-10 17:19:27.410 13095 13114 W TestButlerProbe: Test butler not installed on device - skipping verification
01-10 17:19:27.419 13095 13114 D EventInjectionStrategy: Creating injection strategy with input manager.
01-10 17:19:27.420 13095 13114 W etox.rn.example: Accessing hidden method Landroid/hardware/input/InputManager;->getInstance()Landroid/hardware/input/InputManager; (unsupported, reflection, allowed)
01-10 17:19:27.421 13095 13114 W etox.rn.example: Accessing hidden method Landroid/hardware/input/InputManager;->injectInputEvent(Landroid/view/InputEvent;I)Z (unsupported, reflection, allowed)
01-10 17:19:27.421 13095 13114 W etox.rn.example: Accessing hidden field Landroid/hardware/input/InputManager;->INJECT_INPUT_EVENT_MODE_WAIT_FOR_FINISH:I (unsupported, reflection, allowed)
01-10 17:19:27.428 13095 13114 W etox.rn.example: Accessing hidden field Ljava/lang/reflect/Field;->accessFlags:I (unsupported, reflection, allowed)
01-10 17:19:27.495 13095 13275 D OpenGLRenderer: RenderThread::requireGlContext()
01-10 17:19:27.496 13095 13275 I AdrenoGLES-0: QUALCOMM build                   : cac6e6f805, I5187d04b75
01-10 17:19:27.496 13095 13275 I AdrenoGLES-0: Build Date                       : 11/22/21
01-10 17:19:27.496 13095 13275 I AdrenoGLES-0: OpenGL ES Shader Compiler Version: EV031.35.01.10
01-10 17:19:27.496 13095 13275 I AdrenoGLES-0: Local Branch                     : 
01-10 17:19:27.496 13095 13275 I AdrenoGLES-0: Remote Branch                    : 
01-10 17:19:27.496 13095 13275 I AdrenoGLES-0: Remote Branch                    : 
01-10 17:19:27.496 13095 13275 I AdrenoGLES-0: Reconstruct Branch               : 
01-10 17:19:27.496 13095 13275 I AdrenoGLES-0: Build Config                     : S P 10.0.7 AArch64
01-10 17:19:27.496 13095 13275 I AdrenoGLES-0: Driver Path                      : /vendor/lib64/egl/libGLESv2_adreno.so
01-10 17:19:27.512 13095 13275 I AdrenoGLES-0: PFP: 0x016dc094, ME: 0x00000000
01-10 17:19:27.529 13095 13275 D OpenGLRenderer: RenderThread::setGrContext()
01-10 17:19:27.542 13095 13095 D LifecycleMonitor: Lifecycle status change: com.example.MainActivity@752d5d3 in: PRE_ON_CREATE
01-10 17:19:27.563 13095 13095 D SoLoader: libjscexecutor.so not found on /data/data/com.detox.rn.example/lib-main
01-10 17:19:27.564 13095 13095 D SoLoader: libjscexecutor.so not found on /data/app/~~SpmWQT_3VSNqIRMjQQp4OA==/com.detox.rn.example-vgEGDlBDK4xHHieL-l9AHw==/lib/arm64
01-10 17:19:27.564 13095 13095 D SoLoader: libjscexecutor.so not found on /system/lib64
01-10 17:19:27.564 13095 13095 D SoLoader: libjscexecutor.so not found on /vendor/lib64
01-10 17:19:27.566 13095 13095 E SoLoader: couldn't find DSO to load: libjscexecutor.so
01-10 17:19:27.566 13095 13095 E SoLoader: 	SoSource 0: com.facebook.soloader.ApkSoSource[root = /data/data/com.detox.rn.example/lib-main flags = 1]
01-10 17:19:27.566 13095 13095 E SoLoader: 	SoSource 1: com.facebook.soloader.DirectorySoSource[root = /data/app/~~SpmWQT_3VSNqIRMjQQp4OA==/com.detox.rn.example-vgEGDlBDK4xHHieL-l9AHw==/lib/arm64 flags = 0]
01-10 17:19:27.566 13095 13095 E SoLoader: 	SoSource 2: com.facebook.soloader.DirectorySoSource[root = /system/lib64 flags = 2]
01-10 17:19:27.566 13095 13095 E SoLoader: 	SoSource 3: com.facebook.soloader.DirectorySoSource[root = /vendor/lib64 flags = 2]
01-10 17:19:27.566 13095 13095 E SoLoader: 	Native lib dir: /data/app/~~SpmWQT_3VSNqIRMjQQp4OA==/com.detox.rn.example-vgEGDlBDK4xHHieL-l9AHw==/lib/arm64
01-10 17:19:27.566 13095 13095 E SoLoader:  result: 0
01-10 17:19:27.567 13095 13095 D SoLoader: libhermes.so not found on /data/data/com.detox.rn.example/lib-main
01-10 17:19:27.568 13095 13095 D SoLoader: libhermes.so found on /data/app/~~SpmWQT_3VSNqIRMjQQp4OA==/com.detox.rn.example-vgEGDlBDK4xHHieL-l9AHw==/lib/arm64
01-10 17:19:27.568 13095 13095 D SoLoader: Not resolving dependencies for libhermes.so
01-10 17:19:27.592 13095 13095 D SoLoader: libhermes-executor-debug.so not found on /data/data/com.detox.rn.example/lib-main
01-10 17:19:27.592 13095 13095 D SoLoader: libhermes-executor-debug.so found on /data/app/~~SpmWQT_3VSNqIRMjQQp4OA==/com.detox.rn.example-vgEGDlBDK4xHHieL-l9AHw==/lib/arm64
01-10 17:19:27.592 13095 13095 D SoLoader: Not resolving dependencies for libhermes-executor-debug.so
01-10 17:19:27.687 13095 13095 D SensorManager: registerListener :: 11, lsm6dsm Accelerometer Non-wakeup, 66667, 0, 
01-10 17:19:27.713 13095 13095 I DecorView: [INFO] isPopOver=false config=true
01-10 17:19:27.713 13095 13095 I DecorView: updateCaptionType: isFloating=false isApplication=true hasWindowDecorCaption=false this=DecorView@31abe90[]
01-10 17:19:27.713 13095 13095 D DecorView: setCaptionType = 0, this = DecorView@31abe90[]
01-10 17:19:27.720 13095 13095 I DecorView: getCurrentDensityDpi: from real metrics. densityDpi=420 msg=resources_loaded
01-10 17:19:27.720 13095 13307 D TrafficStats: tagSocket(100) with statsTag=0xffffffff, statsUid=-1
01-10 17:19:27.721 13095 13095 I DecorView: setWindowBackground: isPopOver=false color=ff303030 d=android.graphics.drawable.ColorDrawable@dcbcbcb
01-10 17:19:27.721 13095 13308 D TrafficStats: tagSocket(102) with statsTag=0xffffffff, statsUid=-1
01-10 17:19:27.723 13095 13306 D TrafficStats: tagSocket(103) with statsTag=0xffffffff, statsUid=-1
01-10 17:19:27.725 13095 13308 W unknown:InspectorPackagerConnection: Couldn't connect to packager, will silently retry
01-10 17:19:27.727 13095 13095 W etox.rn.example: Accessing hidden method Landroid/view/View;->computeFitSystemWindows(Landroid/graphics/Rect;Landroid/graphics/Rect;)Z (unsupported, reflection, allowed)
01-10 17:19:27.727 13095 13095 W etox.rn.example: Accessing hidden method Landroid/view/ViewGroup;->makeOptionalFitsSystemWindows()V (unsupported, reflection, allowed)
01-10 17:19:27.728 13095 13095 D LifecycleMonitor: Lifecycle status change: com.example.MainActivity@752d5d3 in: CREATED
01-10 17:19:27.728 13095 13306 W unknown:ReactNative: The packager does not seem to be running as we got an IOException requesting its status: Failed to connect to localhost/127.0.0.1:8081
01-10 17:19:27.728 13095 13307 W unknown:ReconnectingWebSocket: Couldn't connect to "ws://localhost:8081/message?device=SM-M526B%20-%2013%20-%20API%2033&app=com.detox.rn.example&clientid=BridgeDevSupportManager", will silently retry
01-10 17:19:27.729 13095 13095 D LifecycleMonitor: Lifecycle status change: com.example.MainActivity@752d5d3 in: STARTED
01-10 17:19:27.735 13095 13095 D LifecycleMonitor: Lifecycle status change: com.example.MainActivity@752d5d3 in: RESUMED
01-10 17:19:27.737 13095 13095 I MSHandlerLifeCycle: check: return. pkg=com.detox.rn.example parent=null callers=com.android.internal.policy.DecorView.setVisibility:4378 android.app.ActivityThread.handleResumeActivity:5463 android.app.servertransaction.ResumeActivityItem.execute:54 android.app.servertransaction.ActivityTransactionItem.execute:45 android.app.servertransaction.TransactionExecutor.executeLifecycleState:176 
01-10 17:19:27.737 13095 13095 I MSHandlerLifeCycle: removeMultiSplitHandler: no exist. decor=DecorView@31abe90[]
01-10 17:19:27.749 13095 13275 D NativeCustomFrequencyManager: [NativeCFMS] BpCustomFrequencyManager::BpCustomFrequencyManager()
01-10 17:19:27.763 13095 13095 D InsetsController: onStateChanged: InsetsState: {mDisplayFrame=Rect(0, 0 - 1080, 2400), mDisplayCutout=DisplayCutout{insets=Rect(0, 90 - 0, 0) waterfall=Insets{left=0, top=0, right=0, bottom=0} boundingRect={Bounds=[Rect(0, 0 - 0, 0), Rect(506, 0 - 574, 90), Rect(0, 0 - 0, 0), Rect(0, 0 - 0, 0)]} cutoutPathParserInfo={CutoutPathParserInfo{displayWidth=1080 displayHeight=2400 physicalDisplayWidth=1080 physicalDisplayHeight=2400 density={2.625} cutoutSpec={M 0,0 H -12.95238095238095 V 34.28571428571429 H 12.95238095238095 V 0 H 0 Z @dp} rotation={0} scale={1.0} physicalPixelDisplaySizeRatio={1.0}}}}, mRoundedCorners=RoundedCorners{[RoundedCorner{position=TopLeft, radius=84, center=Point(84, 84)}, RoundedCorner{position=TopRight, radius=84, center=Point(996, 84)}, RoundedCorner{position=BottomRight, radius=84, center=Point(996, 2316)}, RoundedCorner{position=BottomLeft, radius=84, center=Point(84, 2316)}]}  mRoundedCornerFrame=Rect(0, 0 - 1080, 2400), mPrivacyIndicatorBounds=PrivacyIndicatorBounds {static bounds=Rect(964, 0 - 1080, 90) rotation=0}, mSources= { InsetsSource: {mType=ITYPE_STATUS_BAR, mFrame=[0,0][1080,90], mVisible=true, mInsetsRoundedCornerFrame=false}, InsetsSource: {mType=ITYPE_NAVIGATION_BAR, mFrame=[0,2274][1080,2400], mVisible=true, mInsetsRoundedCornerFrame=false}, InsetsSource: {mType=ITYPE_LEFT_GESTURES, mFrame=[0,0][0,2400], mVisible=true, mInsetsRoundedCornerFrame=false}, InsetsSource: {mType=ITYPE_RIGHT_GESTURES, mFrame=[1080,0][1080,2400], mVisible=true, mInsetsRoundedCornerFrame=false}, InsetsSource: {mType=ITYPE_TOP_MANDATORY_GESTURES, mFrame=[0,0][1080,122], mVisible=true, mInsetsRoundedCornerFrame=false}, InsetsSource: {mType=ITYPE_BOTTOM_MANDATORY_GESTURES, mFrame=[0,2274][1080,2400], mVisible=true, mInsetsRoundedCornerFrame=false}, InsetsSource: {mType=ITYPE_LEFT_DISPLAY_CUTOUT, mFrame=[0,0][-100000,2400], mVisible=true, mInsetsRoundedCornerFrame=false}, InsetsSource: {mType=ITYPE_TOP_DISPLAY_CUTOUT, mFrame=[0,0][1080,90], mVisible=true, mInsetsRoundedCornerFrame=false}, InsetsSource: {mType=ITYPE_RIGHT_DISPLAY_CUTOUT, mFrame=[100000,0][1080,2400], mVisible=true, mInsetsRoundedCornerFrame=false}, InsetsSource: {mType=ITYPE_BOTTOM_DISPLAY_CUTOUT, mFrame=[0,100000][1080,2400], mVisible=true, mInsetsRoundedCornerFrame=false}, InsetsSource: {mType=ITYPE_TOP_TAPPABLE_ELEMENT, mFrame=[0,0][1080,90], mVisible=true, mInsetsRoundedCornerFrame=false}, InsetsSource: {mType=ITYPE_BOTTOM_TAPPABLE_ELEMENT, mFrame=[0,2274][1080,2400], mVisible=true, mInsetsRoundedCornerFrame=false}, InsetsSource: {mType=ITYPE_IME, mFrame=[0,0][0,0], mVisibleFrame=[0,1409][1080,2400], mVisible=false, mInsetsRoundedCornerFrame=false} } host=com.detox.rn.example/com.example.MainActivity from=android.view.ViewRootImpl.setView:1700
01-10 17:19:27.767 13095 13095 I ViewRootImpl@4b3dbb[MainActivity]: setView = com.android.internal.policy.DecorView@31abe90 TM=false
01-10 17:19:27.769 13095 13095 I MSHandlerLifeCycle: removeMultiSplitHandler: no exist. decor=DecorView@31abe90[MainActivity]
01-10 17:19:27.775 13095 13314 D SoLoader: libfbjni.so not found on /data/data/com.detox.rn.example/lib-main
01-10 17:19:27.775 13095 13314 D SoLoader: libfbjni.so found on /data/app/~~SpmWQT_3VSNqIRMjQQp4OA==/com.detox.rn.example-vgEGDlBDK4xHHieL-l9AHw==/lib/arm64
01-10 17:19:27.775 13095 13314 D SoLoader: Not resolving dependencies for libfbjni.so
01-10 17:19:27.775 13095 13095 W unknown:ReactNative: Packager connection already open, nooping.
01-10 17:19:27.780 13095 13095 D ViewRootImpl@4b3dbb[MainActivity]: performTraversals params={(0,0)(fillxfill) sim={adjust=pan forwardNavigation} ty=BASE_APPLICATION wanim=0x1030309
01-10 17:19:27.780 13095 13095 D ViewRootImpl@4b3dbb[MainActivity]:   fl=81810100
01-10 17:19:27.780 13095 13095 D ViewRootImpl@4b3dbb[MainActivity]:   pfl=12020040
01-10 17:19:27.780 13095 13095 D ViewRootImpl@4b3dbb[MainActivity]:   bhv=DEFAULT
01-10 17:19:27.780 13095 13095 D ViewRootImpl@4b3dbb[MainActivity]:   fitSides= naviIconColor=0}
01-10 17:19:27.782 13095 13095 D ViewRootImpl@4b3dbb[MainActivity]: performTraversals mFirst=true windowShouldResize=true viewVisibilityChanged=false mForceNextWindowRelayout=false params={(0,0)(fillxfill) sim={adjust=pan forwardNavigation} ty=BASE_APPLICATION wanim=0x1030309
01-10 17:19:27.782 13095 13095 D ViewRootImpl@4b3dbb[MainActivity]:   fl=81810100
01-10 17:19:27.782 13095 13095 D ViewRootImpl@4b3dbb[MainActivity]:   pfl=12020040
01-10 17:19:27.782 13095 13095 D ViewRootImpl@4b3dbb[MainActivity]:   bhv=DEFAULT
01-10 17:19:27.782 13095 13095 D ViewRootImpl@4b3dbb[MainActivity]:   fitSides= naviIconColor=0}
01-10 17:19:27.787 13095 13314 V AsyncStorageExpoMigration: No scoped database found
01-10 17:19:27.790 13095 13314 D SoLoader: libreactnativejni.so not found on /data/data/com.detox.rn.example/lib-main
01-10 17:19:27.790 13095 13314 D SoLoader: libreactnativejni.so found on /data/app/~~SpmWQT_3VSNqIRMjQQp4OA==/com.detox.rn.example-vgEGDlBDK4xHHieL-l9AHw==/lib/arm64
01-10 17:19:27.790 13095 13314 D SoLoader: Not resolving dependencies for libreactnativejni.so
01-10 17:19:27.803 13095 13095 E BufferQueueProducer: Unable to open libpenguin.so: dlopen failed: library "libpenguin.so" not found.
01-10 17:19:27.804 13095 13095 D BLASTBufferQueue: new BLASTBufferQueue, mNativeObject= 0xb400007b814a8bd0 name= ViewRootImpl@4b3dbb[MainActivity] sc.mNativeObject= 0xb400007b114cb1e0 caller= android.view.ViewRootImpl.updateBlastSurfaceIfNeeded:2789 android.view.ViewRootImpl.relayoutWindow:9635 android.view.ViewRootImpl.performTraversals:3759 android.view.ViewRootImpl.doTraversal:2991 android.view.ViewRootImpl$TraversalRunnable.run:10665 android.view.Choreographer$CallbackRecord.run:1301 android.view.Choreographer$CallbackRecord.run:1309 android.view.Choreographer.doCallbacks:923 android.view.Choreographer.doFrame:852 android.view.Choreographer$FrameDisplayEventReceiver.run:1283 
01-10 17:19:27.804 13095 13095 D BLASTBufferQueue: update, w= 1080 h= 2400 mNativeObject= 0xb400007b814a8bd0 sc.mNativeObject= 0xb400007b114cb1e0 format= -1 caller= android.graphics.BLASTBufferQueue.<init>:76 android.view.ViewRootImpl.updateBlastSurfaceIfNeeded:2789 android.view.ViewRootImpl.relayoutWindow:9635 android.view.ViewRootImpl.performTraversals:3759 android.view.ViewRootImpl.doTraversal:2991 android.view.ViewRootImpl$TraversalRunnable.run:10665 
01-10 17:19:27.805 13095 13095 I ViewRootImpl@4b3dbb[MainActivity]: Relayout returned: old=(0,0,1080,2400) new=(0,0,1080,2400) req=(1080,2400)0 dur=19 res=0x3 s={true 0xb400007c114b6f00} ch=true seqId=0
01-10 17:19:27.806 13095 13095 D ViewRootImpl@4b3dbb[MainActivity]: mThreadedRenderer.initialize() mSurface={isValid=true 0xb400007c114b6f00} hwInitialized=true
01-10 17:19:27.809 13095 13275 D OpenGLRenderer: eglCreateWindowSurface
01-10 17:19:27.811 13095 13095 D ViewRootImpl@4b3dbb[MainActivity]: reportNextDraw android.view.ViewRootImpl.performTraversals:4313 android.view.ViewRootImpl.doTraversal:2991 android.view.ViewRootImpl$TraversalRunnable.run:10665 android.view.Choreographer$CallbackRecord.run:1301 android.view.Choreographer$CallbackRecord.run:1309 
01-10 17:19:27.811 13095 13095 D ViewRootImpl@4b3dbb[MainActivity]: Setup new sync id=0
01-10 17:19:27.811 13095 13095 D ViewRootImpl@4b3dbb[MainActivity]: Setting syncFrameCallback
01-10 17:19:27.811 13095 13095 D ViewRootImpl@4b3dbb[MainActivity]: registerCallbacksForSync syncBuffer=false
01-10 17:19:27.823 13095 13320 D ViewRootImpl@4b3dbb[MainActivity]: Received frameDrawingCallback syncResult=0 frameNum=1.
01-10 17:19:27.823 13095 13320 D ViewRootImpl@4b3dbb[MainActivity]: Setting up sync and frameCommitCallback
01-10 17:19:27.941 13095 13275 D BLASTBufferQueue: [ViewRootImpl@4b3dbb[MainActivity]#0](f:0,a:0) onFrameAvailable the first frame is available
01-10 17:19:27.942 13095 13275 D ViewRootImpl@4b3dbb[MainActivity]: Received frameCommittedCallback lastAttemptedDrawFrameNum=1 didProduceBuffer=true
01-10 17:19:27.942 13095 13275 D OpenGLRenderer: CFMS:: SetUp Pid : 13095    Tid : 13275
01-10 17:19:27.945 13095 13275 W Parcel  : Expecting binder but got null!
01-10 17:19:27.946 13095 13095 D ViewRootImpl@4b3dbb[MainActivity]: onSyncComplete
01-10 17:19:27.946 13095 13095 D ViewRootImpl@4b3dbb[MainActivity]: setupSync seqId=0 mSyncId=0 fn=1 caller=android.view.ViewRootImpl$$ExternalSyntheticLambda11.accept:6 android.window.SurfaceSyncer.lambda$setupSync$1$android-window-SurfaceSyncer:128 android.window.SurfaceSyncer$$ExternalSyntheticLambda1.accept:8 android.window.SurfaceSyncer$SyncSet.checkIfSyncIsComplete:382 android.window.SurfaceSyncer$SyncSet.markSyncReady:359 android.window.SurfaceSyncer.markSyncReady:151 android.view.ViewRootImpl.performTraversals:4373 
01-10 17:19:27.946 13095 13095 D ViewRootImpl@4b3dbb[MainActivity]: reportDrawFinished seqId=0 mSyncId=-1 fn=1 mSurfaceChangedTransaction=0xb400007b4149cb30
01-10 17:19:27.953 13095 13114 I Detox   : Detox server connection details: url=ws://localhost:49946, sessionId=a4c8334c-c012-0a74-4f9a-40c543d098c7
01-10 17:19:27.965 13095 13339 I DetoxDispatcher: Handling action '_init' (ID #0)...
01-10 17:19:27.965 13095 13339 I Detox   : Connecting to server...
01-10 17:19:27.965 13095 13339 I DetoxWSClient: At connectToServer
01-10 17:19:27.967 13095 13095 I ViewRootImpl@4b3dbb[MainActivity]: MSG_WINDOW_FOCUS_CHANGED 1 0
01-10 17:19:27.968 13095 13095 D ViewRootImpl@4b3dbb[MainActivity]: mThreadedRenderer.initializeIfNeeded()#2 mSurface={isValid=true 0xb400007c114b6f00}
01-10 17:19:27.969 13095 13095 D InputMethodManager: startInputInner - Id : 0
01-10 17:19:27.969 13095 13095 I InputMethodManager: startInputInner - mService.startInputOrWindowGainedFocus
01-10 17:19:27.978 13095 13343 D TrafficStats: tagSocket(127) with statsTag=0xffffffff, statsUid=-1
01-10 17:19:27.997 13095 13343 D DetoxWSClient: At onOpen
01-10 17:19:27.998 13095 13343 I DetoxWSClient: Sending out action 'login' (ID #0)
01-10 17:19:27.999 13095 13343 I Detox   : Connected to server!
01-10 17:19:28.002 13095 13095 D InputMethodManager: startInputInner - Id : 0
01-10 17:19:28.012 13095 13343 D DetoxWSClient: Received action 'loginSuccess' (ID #0, params={"testerConnected":true,"appConnected":true})
01-10 17:19:28.018 13095 13343 D DetoxWSClient: Received action 'isReady' (ID #-1000, params={})
01-10 17:19:29.734 13095 13308 D TrafficStats: tagSocket(128) with statsTag=0xffffffff, statsUid=-1
01-10 17:19:29.734 13095 13307 D TrafficStats: tagSocket(131) with statsTag=0xffffffff, statsUid=-1
01-10 17:19:29.897 13095 13314 W unknown:ReactContext: initializeMessageQueueThreads() is called.
01-10 17:19:29.920 13095 13095 W unknown:ReactNative: Packager connection already open, nooping.
01-10 17:19:29.937 13095 13318 W unknown:ViewManagerPropertyUpdater: Could not find generated setter for class com.facebook.react.views.drawer.ReactDrawerLayoutManager
01-10 17:19:29.941 13095 13318 W unknown:ViewManagerPropertyUpdater: Could not find generated setter for class com.facebook.react.uimanager.LayoutShadowNode
01-10 17:19:29.943 13095 13318 W unknown:ViewManagerPropertyUpdater: Could not find generated setter for class com.facebook.react.views.scroll.ReactHorizontalScrollViewManager
01-10 17:19:29.945 13095 13318 W unknown:ViewManagerPropertyUpdater: Could not find generated setter for class com.facebook.react.views.scroll.ReactHorizontalScrollContainerViewManager
01-10 17:19:29.945 13095 13318 W unknown:ViewManagerPropertyUpdater: Could not find generated setter for class com.facebook.react.views.progressbar.ReactProgressBarViewManager
01-10 17:19:29.946 13095 13318 W unknown:ViewManagerPropertyUpdater: Could not find generated setter for class com.facebook.react.views.progressbar.ProgressBarShadowNode
01-10 17:19:29.947 13095 13318 W unknown:ViewManagerPropertyUpdater: Could not find generated setter for class com.facebook.react.views.scroll.ReactScrollViewManager
01-10 17:19:29.948 13095 13318 W unknown:ViewManagerPropertyUpdater: Could not find generated setter for class com.facebook.react.views.slider.ReactSliderManager
01-10 17:19:29.950 13095 13318 W unknown:ViewManagerPropertyUpdater: Could not find generated setter for class com.facebook.react.views.slider.ReactSliderManager$ReactSliderShadowNode
01-10 17:19:29.950 13095 13318 W unknown:ViewManagerPropertyUpdater: Could not find generated setter for class com.facebook.react.views.switchview.ReactSwitchManager
01-10 17:19:29.952 13095 13318 W unknown:ViewManagerPropertyUpdater: Could not find generated setter for class com.facebook.react.views.switchview.ReactSwitchManager$ReactSwitchShadowNode
01-10 17:19:29.952 13095 13318 W unknown:ViewManagerPropertyUpdater: Could not find generated setter for class com.facebook.react.views.swiperefresh.SwipeRefreshLayoutManager
01-10 17:19:29.953 13095 13318 W unknown:ViewManagerPropertyUpdater: Could not find generated setter for class com.facebook.react.views.text.frescosupport.FrescoBasedReactTextInlineImageViewManager
01-10 17:19:29.954 13095 13318 W unknown:ViewManagerPropertyUpdater: Could not find generated setter for class com.facebook.react.views.text.frescosupport.FrescoBasedReactTextInlineImageShadowNode
01-10 17:19:29.955 13095 13318 W unknown:ViewManagerPropertyUpdater: Could not find generated setter for class com.facebook.react.views.image.ReactImageManager
01-10 17:19:29.956 13095 13318 W unknown:ViewManagerPropertyUpdater: Could not find generated setter for class com.facebook.react.views.modal.ReactModalHostManager
01-10 17:19:29.957 13095 13318 W unknown:ViewManagerPropertyUpdater: Could not find generated setter for class com.facebook.react.views.modal.ModalHostShadowNode
01-10 17:19:29.957 13095 13318 W unknown:ViewManagerPropertyUpdater: Could not find generated setter for class com.facebook.react.views.text.ReactRawTextManager
01-10 17:19:29.957 13095 13318 W unknown:ViewManagerPropertyUpdater: Could not find generated setter for class com.facebook.react.views.text.ReactRawTextShadowNode
01-10 17:19:29.958 13095 13318 W unknown:ViewManagerPropertyUpdater: Could not find generated setter for class com.facebook.react.views.textinput.ReactTextInputManager
01-10 17:19:29.960 13095 13318 W unknown:ViewManagerPropertyUpdater: Could not find generated setter for class com.facebook.react.views.textinput.ReactTextInputShadowNode
01-10 17:19:29.962 13095 13318 W unknown:ViewManagerPropertyUpdater: Could not find generated setter for class com.facebook.react.views.text.ReactTextViewManager
01-10 17:19:29.963 13095 13318 W unknown:ViewManagerPropertyUpdater: Could not find generated setter for class com.facebook.react.views.text.ReactTextShadowNode
01-10 17:19:29.964 13095 13318 W unknown:ViewManagerPropertyUpdater: Could not find generated setter for class com.facebook.react.views.view.ReactViewManager
01-10 17:19:29.965 13095 13318 W unknown:ViewManagerPropertyUpdater: Could not find generated setter for class com.facebook.react.views.text.ReactVirtualTextViewManager
01-10 17:19:29.966 13095 13318 W unknown:ViewManagerPropertyUpdater: Could not find generated setter for class com.facebook.react.views.text.ReactVirtualTextShadowNode
01-10 17:19:29.966 13095 13318 W unknown:ViewManagerPropertyUpdater: Could not find generated setter for class com.facebook.react.views.unimplementedview.ReactUnimplementedViewManager
01-10 17:19:29.968 13095 13318 W unknown:ReactContext: initializeMessageQueueThreads() is called.
01-10 17:19:29.969 13095 13318 D SoLoader: libyoga.so not found on /data/data/com.detox.rn.example/lib-main
01-10 17:19:29.969 13095 13318 D SoLoader: libyoga.so found on /data/app/~~SpmWQT_3VSNqIRMjQQp4OA==/com.detox.rn.example-vgEGDlBDK4xHHieL-l9AHw==/lib/arm64
01-10 17:19:29.969 13095 13318 D SoLoader: Not resolving dependencies for libyoga.so
01-10 17:19:29.975 13095 13095 D DetoxRNLoading: Listener-proxy method called: onReactContextInitialized
01-10 17:19:29.975 13095 13095 I DetoxRNLoading: Got new RN-context async'ly through listener
01-10 17:19:29.975 13095 13095 D DetoxRNLoading: Listener-proxy method called: equals
01-10 17:19:29.976 13095 13339 I DetoxRNIdleRes: Setting up Espresso Idling Resources for React Native
01-10 17:19:29.985 13095 13339 D AsyncStorageIR: Checking whether a custom IR for Async-Storage is required... (legacy=false)
01-10 17:19:29.986 13095 13339 D AsyncStorageIR: IR for Async-Storage is required! (legacy=false)
01-10 17:19:29.986 13095 13339 D AsyncStorageIR: Checking whether a custom IR for Async-Storage is required... (legacy=true)
01-10 17:19:29.986 13095 13339 D AsyncStorageIR: IR for Async-Storage is required! (legacy=true)
01-10 17:19:29.988 13095 13095 I Detox   : UIManagerModule is busy
01-10 17:19:29.988 13095 13318 W etox.rn.example: Accessing hidden method Landroid/os/MessageQueue;->next()Landroid/os/Message; (unsupported, reflection, allowed)
01-10 17:19:29.988 13095 13318 W etox.rn.example: Accessing hidden field Landroid/os/MessageQueue;->mMessages:Landroid/os/Message; (unsupported, reflection, allowed)
01-10 17:19:29.988 13095 13318 W etox.rn.example: Accessing hidden method Landroid/os/Message;->recycleUnchecked()V (unsupported, reflection, allowed)
01-10 17:19:29.988 13095 13095 D AsyncStorageIR: Async-storage is busy!
01-10 17:19:29.989 13095 13095 D AsyncStorag